F:\Angular\1\DutchTreat\DutchTreat\wwwroot\clientapp\out-tsc\ClientApp\app\app.component.js
F:\Angular\1\DutchTreat\DutchTreat\wwwroot\clientapp\out-tsc\ClientApp\app\app.component.js.map
F:\Angular\1\DutchTreat\DutchTreat\wwwroot\clientapp\out-tsc\ClientApp\app\shared\product.js
F:\Angular\1\DutchTreat\DutchTreat\wwwroot\clientapp\out-tsc\ClientApp\app\shared\product.js.map
F:\Angular\1\DutchTreat\DutchTreat\wwwroot\clientapp\out-tsc\ClientApp\app\shared\order.js
F:\Angular\1\DutchTreat\DutchTreat\wwwroot\clientapp\out-tsc\ClientApp\app\shared\order.js.map
F:\Angular\1\DutchTreat\DutchTreat\wwwroot\clientapp\out-tsc\ClientApp\app\shared\dataService.js
F:\Angular\1\DutchTreat\DutchTreat\wwwroot\clientapp\out-tsc\ClientApp\app\shared\dataService.js.map
F:\Angular\1\DutchTreat\DutchTreat\wwwroot\clientapp\out-tsc\ClientApp\app\shop\productList.component.js
F:\Angular\1\DutchTreat\DutchTreat\wwwroot\clientapp\out-tsc\ClientApp\app\shop\productList.component.js.map
F:\Angular\1\DutchTreat\DutchTreat\wwwroot\clientapp\out-tsc\ClientApp\app\shop\cart.component.js
F:\Angular\1\DutchTreat\DutchTreat\wwwroot\clientapp\out-tsc\ClientApp\app\shop\cart.component.js.map
F:\Angular\1\DutchTreat\DutchTreat\wwwroot\clientapp\out-tsc\ClientApp\app\shop\shop.component.js
F:\Angular\1\DutchTreat\DutchTreat\wwwroot\clientapp\out-tsc\ClientApp\app\shop\shop.component.js.map
F:\Angular\1\DutchTreat\DutchTreat\wwwroot\clientapp\out-tsc\ClientApp\app\checkout\checkout.component.js
F:\Angular\1\DutchTreat\DutchTreat\wwwroot\clientapp\out-tsc\ClientApp\app\checkout\checkout.component.js.map
F:\Angular\1\DutchTreat\DutchTreat\wwwroot\clientapp\out-tsc\ClientApp\app\login\login.component.js
F:\Angular\1\DutchTreat\DutchTreat\wwwroot\clientapp\out-tsc\ClientApp\app\login\login.component.js.map
F:\Angular\1\DutchTreat\DutchTreat\wwwroot\clientapp\out-tsc\ClientApp\app\app.module.js
F:\Angular\1\DutchTreat\DutchTreat\wwwroot\clientapp\out-tsc\ClientApp\app\app.module.js.map
F:\Angular\1\DutchTreat\DutchTreat\wwwroot\clientapp\out-tsc\ClientApp\environments\environment.js
F:\Angular\1\DutchTreat\DutchTreat\wwwroot\clientapp\out-tsc\ClientApp\environments\environment.js.map
F:\Angular\1\DutchTreat\DutchTreat\wwwroot\clientapp\out-tsc\ClientApp\main.js
F:\Angular\1\DutchTreat\DutchTreat\wwwroot\clientapp\out-tsc\ClientApp\main.js.map
F:\Angular\1\DutchTreat\DutchTreat\wwwroot\clientapp\out-tsc\ClientApp\polyfills.js
F:\Angular\1\DutchTreat\DutchTreat\wwwroot\clientapp\out-tsc\ClientApp\polyfills.js.map
F:\Angular\1\DutchTreat\DutchTreat\wwwroot\clientapp\out-tsc\ClientApp\test.js
F:\Angular\1\DutchTreat\DutchTreat\wwwroot\clientapp\out-tsc\ClientApp\test.js.map
F:\Angular\1\DutchTreat\DutchTreat\wwwroot\clientapp\out-tsc\ClientApp\environments\environment.prod.js
F:\Angular\1\DutchTreat\DutchTreat\wwwroot\clientapp\out-tsc\ClientApp\environments\environment.prod.js.map
F:\Angular\1\DutchTreat\DutchTreat\wwwroot\clientapp\out-tsc\wwwroot\ts\main.js
F:\Angular\1\DutchTreat\DutchTreat\wwwroot\clientapp\out-tsc\wwwroot\ts\main.js.map
F:\Angular\1\DutchTreat\DutchTreat\wwwroot\clientapp\out-tsc\wwwroot\ts\storecustomer.js
F:\Angular\1\DutchTreat\DutchTreat\wwwroot\clientapp\out-tsc\wwwroot\ts\storecustomer.js.map
